{"C:\\Users\\KIIT\\OneDrive\\Desktop\\My projects\\book-management-api\\backend\\mongoDB\\controllers\\bookController.js": {"path":"C:\\Users\\KIIT\\OneDrive\\Desktop\\My projects\\book-management-api\\backend\\mongoDB\\controllers\\bookController.js","statementMap":{"0":{"start":{"line":1,"column":17},"end":{"line":1,"column":36}},"1":{"start":{"line":2,"column":13},"end":{"line":2,"column":38}},"2":{"start":{"line":5,"column":0},"end":{"line":12,"column":2}},"3":{"start":{"line":6,"column":2},"end":{"line":11,"column":3}},"4":{"start":{"line":7,"column":18},"end":{"line":7,"column":35}},"5":{"start":{"line":8,"column":4},"end":{"line":8,"column":20}},"6":{"start":{"line":10,"column":4},"end":{"line":10,"column":51}},"7":{"start":{"line":16,"column":0},"end":{"line":38,"column":2}},"8":{"start":{"line":17,"column":17},"end":{"line":17,"column":27}},"9":{"start":{"line":20,"column":2},"end":{"line":22,"column":3}},"10":{"start":{"line":21,"column":4},"end":{"line":21,"column":71}},"11":{"start":{"line":24,"column":2},"end":{"line":37,"column":3}},"12":{"start":{"line":25,"column":17},"end":{"line":25,"column":40}},"13":{"start":{"line":28,"column":4},"end":{"line":30,"column":5}},"14":{"start":{"line":29,"column":6},"end":{"line":29,"column":65}},"15":{"start":{"line":32,"column":4},"end":{"line":32,"column":19}},"16":{"start":{"line":35,"column":4},"end":{"line":35,"column":61}},"17":{"start":{"line":36,"column":4},"end":{"line":36,"column":63}},"18":{"start":{"line":41,"column":0},"end":{"line":80,"column":2}},"19":{"start":{"line":42,"column":2},"end":{"line":79,"column":3}},"20":{"start":{"line":49,"column":8},"end":{"line":49,"column":16}},"21":{"start":{"line":51,"column":17},"end":{"line":51,"column":32}},"22":{"start":{"line":52,"column":4},"end":{"line":56,"column":5}},"23":{"start":{"line":53,"column":6},"end":{"line":53,"column":24}},"24":{"start":{"line":54,"column":11},"end":{"line":56,"column":5}},"25":{"start":{"line":55,"column":6},"end":{"line":55,"column":18}},"26":{"start":{"line":58,"column":19},"end":{"line":58,"column":51}},"27":{"start":{"line":59,"column":20},"end":{"line":59,"column":51}},"28":{"start":{"line":61,"column":21},"end":{"line":71,"column":5}},"29":{"start":{"line":73,"column":20},"end":{"line":73,"column":38}},"30":{"start":{"line":74,"column":18},"end":{"line":74,"column":38}},"31":{"start":{"line":75,"column":4},"end":{"line":75,"column":32}},"32":{"start":{"line":77,"column":4},"end":{"line":77,"column":47}},"33":{"start":{"line":78,"column":4},"end":{"line":78,"column":51}},"34":{"start":{"line":82,"column":0},"end":{"line":107,"column":2}},"35":{"start":{"line":83,"column":2},"end":{"line":106,"column":3}},"36":{"start":{"line":84,"column":15},"end":{"line":84,"column":28}},"37":{"start":{"line":85,"column":24},"end":{"line":87,"column":5}},"38":{"start":{"line":89,"column":4},"end":{"line":91,"column":5}},"39":{"start":{"line":90,"column":6},"end":{"line":90,"column":58}},"40":{"start":{"line":93,"column":20},"end":{"line":96,"column":6}},"41":{"start":{"line":99,"column":4},"end":{"line":101,"column":5}},"42":{"start":{"line":100,"column":6},"end":{"line":100,"column":65}},"43":{"start":{"line":103,"column":4},"end":{"line":103,"column":22}},"44":{"start":{"line":105,"column":4},"end":{"line":105,"column":51}},"45":{"start":{"line":111,"column":0},"end":{"line":126,"column":2}},"46":{"start":{"line":112,"column":2},"end":{"line":125,"column":3}},"47":{"start":{"line":113,"column":4},"end":{"line":113,"column":68}},"48":{"start":{"line":115,"column":20},"end":{"line":115,"column":63}},"49":{"start":{"line":117,"column":4},"end":{"line":119,"column":5}},"50":{"start":{"line":118,"column":6},"end":{"line":118,"column":65}},"51":{"start":{"line":121,"column":4},"end":{"line":121,"column":55}},"52":{"start":{"line":123,"column":4},"end":{"line":123,"column":51}},"53":{"start":{"line":124,"column":4},"end":{"line":124,"column":51}}},"fnMap":{"0":{"name":"(anonymous_0)","decl":{"start":{"line":5,"column":19},"end":{"line":5,"column":20}},"loc":{"start":{"line":5,"column":39},"end":{"line":12,"column":1}},"line":5},"1":{"name":"(anonymous_1)","decl":{"start":{"line":16,"column":22},"end":{"line":16,"column":23}},"loc":{"start":{"line":16,"column":42},"end":{"line":38,"column":1}},"line":16},"2":{"name":"(anonymous_2)","decl":{"start":{"line":41,"column":21},"end":{"line":41,"column":22}},"loc":{"start":{"line":41,"column":41},"end":{"line":80,"column":1}},"line":41},"3":{"name":"(anonymous_3)","decl":{"start":{"line":82,"column":21},"end":{"line":82,"column":22}},"loc":{"start":{"line":82,"column":41},"end":{"line":107,"column":1}},"line":82},"4":{"name":"(anonymous_4)","decl":{"start":{"line":111,"column":21},"end":{"line":111,"column":22}},"loc":{"start":{"line":111,"column":41},"end":{"line":126,"column":1}},"line":111}},"branchMap":{"0":{"loc":{"start":{"line":20,"column":2},"end":{"line":22,"column":3}},"type":"if","locations":[{"start":{"line":20,"column":2},"end":{"line":22,"column":3}},{"start":{},"end":{}}],"line":20},"1":{"loc":{"start":{"line":28,"column":4},"end":{"line":30,"column":5}},"type":"if","locations":[{"start":{"line":28,"column":4},"end":{"line":30,"column":5}},{"start":{},"end":{}}],"line":28},"2":{"loc":{"start":{"line":52,"column":4},"end":{"line":56,"column":5}},"type":"if","locations":[{"start":{"line":52,"column":4},"end":{"line":56,"column":5}},{"start":{"line":54,"column":11},"end":{"line":56,"column":5}}],"line":52},"3":{"loc":{"start":{"line":54,"column":11},"end":{"line":56,"column":5}},"type":"if","locations":[{"start":{"line":54,"column":11},"end":{"line":56,"column":5}},{"start":{},"end":{}}],"line":54},"4":{"loc":{"start":{"line":58,"column":19},"end":{"line":58,"column":51}},"type":"binary-expr","locations":[{"start":{"line":58,"column":19},"end":{"line":58,"column":46}},{"start":{"line":58,"column":50},"end":{"line":58,"column":51}}],"line":58},"5":{"loc":{"start":{"line":59,"column":20},"end":{"line":59,"column":51}},"type":"binary-expr","locations":[{"start":{"line":59,"column":20},"end":{"line":59,"column":46}},{"start":{"line":59,"column":50},"end":{"line":59,"column":51}}],"line":59},"6":{"loc":{"start":{"line":70,"column":13},"end":{"line":70,"column":62}},"type":"cond-expr","locations":[{"start":{"line":70,"column":24},"end":{"line":70,"column":55}},{"start":{"line":70,"column":58},"end":{"line":70,"column":62}}],"line":70},"7":{"loc":{"start":{"line":89,"column":4},"end":{"line":91,"column":5}},"type":"if","locations":[{"start":{"line":89,"column":4},"end":{"line":91,"column":5}},{"start":{},"end":{}}],"line":89},"8":{"loc":{"start":{"line":99,"column":4},"end":{"line":101,"column":5}},"type":"if","locations":[{"start":{"line":99,"column":4},"end":{"line":101,"column":5}},{"start":{},"end":{}}],"line":99},"9":{"loc":{"start":{"line":117,"column":4},"end":{"line":119,"column":5}},"type":"if","locations":[{"start":{"line":117,"column":4},"end":{"line":119,"column":5}},{"start":{},"end":{}}],"line":117}},"s":{"0":4,"1":4,"2":4,"3":4,"4":4,"5":4,"6":0,"7":4,"8":4,"9":4,"10":1,"11":3,"12":3,"13":3,"14":2,"15":1,"16":0,"17":0,"18":4,"19":1,"20":1,"21":1,"22":1,"23":0,"24":1,"25":1,"26":1,"27":1,"28":1,"29":1,"30":1,"31":1,"32":0,"33":0,"34":4,"35":1,"36":1,"37":1,"38":1,"39":0,"40":1,"41":1,"42":1,"43":0,"44":0,"45":4,"46":2,"47":2,"48":2,"49":2,"50":1,"51":1,"52":0,"53":0},"f":{"0":4,"1":4,"2":1,"3":1,"4":2},"b":{"0":[1,3],"1":[2,1],"2":[0,1],"3":[1,0],"4":[1,1],"5":[1,1],"6":[0,1],"7":[0,1],"8":[1,0],"9":[1,1]},"_coverageSchema":"1a1c01bbd47fc00a2c39e90264f33305004495a9","hash":"a24884cb46421ba0d67cc65281f53cf9052b8105"}
,"C:\\Users\\KIIT\\OneDrive\\Desktop\\My projects\\book-management-api\\backend\\mongoDB\\models\\Book.js": {"path":"C:\\Users\\KIIT\\OneDrive\\Desktop\\My projects\\book-management-api\\backend\\mongoDB\\models\\Book.js","statementMap":{"0":{"start":{"line":1,"column":17},"end":{"line":1,"column":36}},"1":{"start":{"line":3,"column":19},"end":{"line":16,"column":2}},"2":{"start":{"line":18,"column":0},"end":{"line":18,"column":52}}},"fnMap":{},"branchMap":{},"s":{"0":4,"1":4,"2":4},"f":{},"b":{},"_coverageSchema":"1a1c01bbd47fc00a2c39e90264f33305004495a9","hash":"741784270bc075e0a3026f046bd4f9d4deaedaf6"}
,"C:\\Users\\KIIT\\OneDrive\\Desktop\\My projects\\book-management-api\\backend\\mongoDB\\routes\\bookRoutes.js": {"path":"C:\\Users\\KIIT\\OneDrive\\Desktop\\My projects\\book-management-api\\backend\\mongoDB\\routes\\bookRoutes.js","statementMap":{"0":{"start":{"line":1,"column":16},"end":{"line":1,"column":34}},"1":{"start":{"line":2,"column":15},"end":{"line":2,"column":31}},"2":{"start":{"line":3,"column":23},"end":{"line":3,"column":63}},"3":{"start":{"line":4,"column":15},"end":{"line":4,"column":47}},"4":{"start":{"line":7,"column":0},"end":{"line":7,"column":41}},"5":{"start":{"line":8,"column":0},"end":{"line":8,"column":47}},"6":{"start":{"line":9,"column":0},"end":{"line":9,"column":68}},"7":{"start":{"line":10,"column":0},"end":{"line":10,"column":70}},"8":{"start":{"line":11,"column":0},"end":{"line":11,"column":49}},"9":{"start":{"line":13,"column":0},"end":{"line":13,"column":24}}},"fnMap":{},"branchMap":{},"s":{"0":2,"1":2,"2":2,"3":2,"4":2,"5":2,"6":2,"7":2,"8":2,"9":2},"f":{},"b":{},"_coverageSchema":"1a1c01bbd47fc00a2c39e90264f33305004495a9","hash":"1ccffe0cf7f80c75dcace55f2e3d50e3b8e81fba"}
}
