TN:
SF:controllers\bookController.js
FN:5,(anonymous_0)
FN:16,(anonymous_1)
FN:41,(anonymous_2)
FN:82,(anonymous_3)
FN:111,(anonymous_4)
FNF:5
FNH:5
FNDA:4,(anonymous_0)
FNDA:4,(anonymous_1)
FNDA:1,(anonymous_2)
FNDA:1,(anonymous_3)
FNDA:2,(anonymous_4)
DA:1,4
DA:2,4
DA:5,4
DA:6,4
DA:7,4
DA:8,4
DA:10,0
DA:16,4
DA:17,4
DA:20,4
DA:21,1
DA:24,3
DA:25,3
DA:28,3
DA:29,2
DA:32,1
DA:35,0
DA:36,0
DA:41,4
DA:42,1
DA:49,1
DA:51,1
DA:52,1
DA:53,0
DA:54,1
DA:55,1
DA:58,1
DA:59,1
DA:61,1
DA:73,1
DA:74,1
DA:75,1
DA:77,0
DA:78,0
DA:82,4
DA:83,1
DA:84,1
DA:85,1
DA:89,1
DA:90,0
DA:93,1
DA:99,1
DA:100,1
DA:103,0
DA:105,0
DA:111,4
DA:112,2
DA:113,2
DA:115,2
DA:117,2
DA:118,1
DA:121,1
DA:123,0
DA:124,0
LF:54
LH:43
BRDA:20,0,0,1
BRDA:20,0,1,3
BRDA:28,1,0,2
BRDA:28,1,1,1
BRDA:52,2,0,0
BRDA:52,2,1,1
BRDA:54,3,0,1
BRDA:54,3,1,0
BRDA:58,4,0,1
BRDA:58,4,1,1
BRDA:59,5,0,1
BRDA:59,5,1,1
BRDA:70,6,0,0
BRDA:70,6,1,1
BRDA:89,7,0,0
BRDA:89,7,1,1
BRDA:99,8,0,1
BRDA:99,8,1,0
BRDA:117,9,0,1
BRDA:117,9,1,1
BRF:20
BRH:15
end_of_record
TN:
SF:models\Book.js
FNF:0
FNH:0
DA:1,4
DA:3,4
DA:18,4
LF:3
LH:3
BRF:0
BRH:0
end_of_record
TN:
SF:routes\bookRoutes.js
FNF:0
FNH:0
DA:1,2
DA:2,2
DA:3,2
DA:4,2
DA:7,2
DA:8,2
DA:9,2
DA:10,2
DA:11,2
DA:13,2
LF:10
LH:10
BRF:0
BRH:0
end_of_record
